<?xml version="1.0" encoding="UTF-8"?>
<testng-results skipped="0" failed="0" ignored="0" total="1" passed="1">
  <reporter-output>
  </reporter-output>
  <suite name="Default suite" duration-ms="144881" started-at="2022-02-16T00:41:57Z" finished-at="2022-02-16T00:44:22Z">
    <groups>
    </groups>
    <test name="Default test" duration-ms="144881" started-at="2022-02-16T00:41:57Z" finished-at="2022-02-16T00:44:22Z">
      <class name="com.twilioTests.TwilioEmailTest">
        <test-method status="PASS" signature="beforeSuite()[pri:0, instance:com.twilioTests.TwilioEmailTest@51acdf2e]" name="beforeSuite" is-config="true" duration-ms="11" started-at="2022-02-16T00:41:57Z" finished-at="2022-02-16T00:41:57Z">
          <reporter-output>
          </reporter-output>
        </test-method> <!-- beforeSuite -->
        <test-method status="PASS" signature="beforeTest()[pri:0, instance:com.twilioTests.TwilioEmailTest@51acdf2e]" name="beforeTest" is-config="true" duration-ms="9847" started-at="2022-02-16T00:41:57Z" finished-at="2022-02-16T00:42:07Z">
          <reporter-output>
          </reporter-output>
        </test-method> <!-- beforeTest -->
        <test-method status="PASS" signature="Inbound_NM_CustomerEmailToTwilio()[pri:1, instance:com.twilioTests.TwilioEmailTest@51acdf2e]" name="Inbound_NM_CustomerEmailToTwilio" duration-ms="134925" started-at="2022-02-16T00:42:07Z" finished-at="2022-02-16T00:44:22Z">
          <reporter-output>
          </reporter-output>
        </test-method> <!-- Inbound_NM_CustomerEmailToTwilio -->
        <test-method status="PASS" signature="afterTest()[pri:0, instance:com.twilioTests.TwilioEmailTest@51acdf2e]" name="afterTest" is-config="true" duration-ms="1" started-at="2022-02-16T00:44:22Z" finished-at="2022-02-16T00:44:22Z">
          <reporter-output>
          </reporter-output>
        </test-method> <!-- afterTest -->
      </class> <!-- com.twilioTests.TwilioEmailTest -->
    </test> <!-- Default test -->
  </suite> <!-- Default suite -->
</testng-results>
