<?xml version="1.0" encoding="UTF-8"?>
<!-- Generated by org.testng.reporters.JUnitXMLReporter -->
<testsuite hostname="LAPTOP-Q9TFL0ME" ignored="0" name="Email Chat" tests="6" failures="0" timestamp="13 Jan 2022 17:09:27 GMT" time="6.189" errors="0">
  <testcase name="@BeforeTest beforeTest" time="5.249" classname="com.twilioTests.TwilioGmailTest">
    <failure type="org.openqa.selenium.SessionNotCreatedException" message="Could not start a new session. Response code 500. Message: session not created: This version of ChromeDriver only supports Chrome version 90
Current browser version is 96.0.4664.110 with binary path C:\Program Files\Google\Chrome\Application\chrome.exe
Build info: version: &amp;apos;4.0.0-beta-3&amp;apos;, revision: &amp;apos;5d108f9a67&amp;apos;
System info: host: &amp;apos;LAPTOP-Q9TFL0ME&amp;apos;, ip: &amp;apos;10.0.0.230&amp;apos;, os.name: &amp;apos;Windows 10&amp;apos;, os.arch: &amp;apos;amd64&amp;apos;, os.version: &amp;apos;10.0&amp;apos;, java.version: &amp;apos;1.8.0_311&amp;apos;
Driver info: org.openqa.selenium.chrome.ChromeDriver
Command: [null, newSession {desiredCapabilities=Capabilities {browserName: chrome}}]">
      <![CDATA[org.openqa.selenium.SessionNotCreatedException: Could not start a new session. Response code 500. Message: session not created: This version of ChromeDriver only supports Chrome version 90
Current browser version is 96.0.4664.110 with binary path C:\Program Files\Google\Chrome\Application\chrome.exe
Build info: version: '4.0.0-beta-3', revision: '5d108f9a67'
System info: host: 'LAPTOP-Q9TFL0ME', ip: '10.0.0.230', os.name: 'Windows 10', os.arch: 'amd64', os.version: '10.0', java.version: '1.8.0_311'
Driver info: org.openqa.selenium.chrome.ChromeDriver
Command: [null, newSession {desiredCapabilities=Capabilities {browserName: chrome}}]
at org.openqa.selenium.remote.ProtocolHandshake.createSession(ProtocolHandshake.java:126)
at org.openqa.selenium.remote.ProtocolHandshake.createSession(ProtocolHandshake.java:84)
at org.openqa.selenium.remote.ProtocolHandshake.createSession(ProtocolHandshake.java:62)
at org.openqa.selenium.remote.HttpCommandExecutor.execute(HttpCommandExecutor.java:156)
at org.openqa.selenium.remote.service.DriverCommandExecutor.invokeExecute(DriverCommandExecutor.java:153)
at org.openqa.selenium.remote.service.DriverCommandExecutor.execute(DriverCommandExecutor.java:128)
at org.openqa.selenium.remote.RemoteWebDriver.execute(RemoteWebDriver.java:619)
at org.openqa.selenium.remote.RemoteWebDriver.startSession(RemoteWebDriver.java:251)
at org.openqa.selenium.remote.RemoteWebDriver.<init>(RemoteWebDriver.java:173)
at org.openqa.selenium.chromium.ChromiumDriver.<init>(ChromiumDriver.java:89)
at org.openqa.selenium.chrome.ChromeDriver.<init>(ChromeDriver.java:99)
at org.openqa.selenium.chrome.ChromeDriver.<init>(ChromeDriver.java:86)
at org.openqa.selenium.chrome.ChromeDriver.<init>(ChromeDriver.java:41)
at com.twilioTests.TwilioGmailTest.beforeTest(TwilioGmailTest.java:48)
... Removed 24 stack frames]]>
    </failure>
  </testcase> <!-- @BeforeTest beforeTest -->
  <testcase name="@AfterTest afterTest" time="0.0" classname="com.twilioTests.TwilioGmailTest">
    <skipped/>
  </testcase> <!-- @AfterTest afterTest -->
  <testcase name="Inbound_NM_CustomerEmailToTwilio" time="0.0" classname="com.twilioTests.TwilioGmailTest">
    <skipped/>
  </testcase> <!-- Inbound_NM_CustomerEmailToTwilio -->
  <testcase name="Outbound_NM_twilioReplyToCustomerEmail" time="0.0" classname="com.twilioTests.TwilioGmailTest">
    <skipped/>
  </testcase> <!-- Outbound_NM_twilioReplyToCustomerEmail -->
  <testcase name="Inbound_BG_CustomerEmailToTwilio" time="0.0" classname="com.twilioTests.TwilioGmailTest">
    <skipped/>
  </testcase> <!-- Inbound_BG_CustomerEmailToTwilio -->
  <testcase name="Outbound_BG_twilioReplyToCustomerEmail" time="0.0" classname="com.twilioTests.TwilioGmailTest">
    <skipped/>
  </testcase> <!-- Outbound_BG_twilioReplyToCustomerEmail -->
  <testcase name="Inbound_HC_CustomerEmailToTwilio" time="0.0" classname="com.twilioTests.TwilioGmailTest">
    <skipped/>
  </testcase> <!-- Inbound_HC_CustomerEmailToTwilio -->
  <testcase name="Outbound_HC_twilioReplyToCustomerEmail" time="0.0" classname="com.twilioTests.TwilioGmailTest">
    <skipped/>
  </testcase> <!-- Outbound_HC_twilioReplyToCustomerEmail -->
</testsuite> <!-- Email Chat -->
